{"C:\\Users\\PC\\Calculator-with-Currency-Converter-and-The-Weather-VUE\\src\\App.vue": {"path":"C:\\Users\\PC\\Calculator-with-Currency-Converter-and-The-Weather-VUE\\src\\App.vue","statementMap":{"0":{"start":{"line":11,"column":124},"end":{"line":11,"column":139}},"1":{"start":{"line":12,"column":15},"end":{"line":12,"column":31}},"2":{"start":{"line":14,"column":25},"end":{"line":17,"column":2}},"3":{"start":{"line":15,"column":17},"end":{"line":15,"column":38}},"4":{"start":{"line":16,"column":2},"end":{"line":16,"column":42}},"5":{"start":{"line":20,"column":2},"end":{"line":20,"column":36}},"6":{"start":{"line":24,"column":2},"end":{"line":26,"column":3}},"7":{"start":{"line":25,"column":4},"end":{"line":25,"column":29}},"8":{"start":{"line":30,"column":2},"end":{"line":30,"column":16}},"9":{"start":{"line":35,"column":8},"end":{"line":35,"column":null}},"10":{"start":{"line":35,"column":2},"end":{"line":61,"column":48}}},"fnMap":{"0":{"name":"(anonymous_0)","decl":{"start":{"line":14,"column":34},"end":{"line":14,"column":35}},"loc":{"start":{"line":14,"column":40},"end":{"line":17,"column":1}},"line":14},"1":{"name":"handleMemoryAdd","decl":{"start":{"line":19,"column":9},"end":{"line":19,"column":24}},"loc":{"start":{"line":19,"column":27},"end":{"line":21,"column":1}},"line":19},"2":{"name":"handleMemoryRecall","decl":{"start":{"line":23,"column":9},"end":{"line":23,"column":27}},"loc":{"start":{"line":23,"column":30},"end":{"line":27,"column":1}},"line":23},"3":{"name":"handleMemoryClear","decl":{"start":{"line":29,"column":9},"end":{"line":29,"column":26}},"loc":{"start":{"line":29,"column":29},"end":{"line":31,"column":1}},"line":29}},"branchMap":{"0":{"loc":{"start":{"line":16,"column":9},"end":{"line":16,"column":42}},"type":"cond-expr","locations":[{"start":{"line":16,"column":32},"end":{"line":16,"column":33}},{"start":{"line":16,"column":36},"end":{"line":16,"column":42}}],"line":16},"1":{"loc":{"start":{"line":24,"column":2},"end":{"line":26,"column":3}},"type":"if","locations":[{"start":{"line":24,"column":2},"end":{"line":26,"column":3}},{"start":{},"end":{}}],"line":24},"2":{"loc":{"start":{"line":36,"column":4},"end":{"line":38,"column":81}},"type":"binary-expr","locations":[{"start":{"line":36,"column":4},"end":{"line":36,"column":12}},{"start":{"line":36,"column":4},"end":{"line":38,"column":81}}],"line":36},"3":{"loc":{"start":{"line":60,"column":4},"end":{"line":61,"column":48}},"type":"binary-expr","locations":[{"start":{"line":60,"column":4},"end":{"line":60,"column":12}},{"start":{"line":60,"column":4},"end":{"line":61,"column":48}}],"line":60}},"s":{"0":5,"1":5,"2":5,"3":15,"4":15,"5":2,"6":3,"7":1,"8":1,"9":1,"10":15},"f":{"0":15,"1":2,"2":3,"3":1},"b":{"0":[1,14],"1":[1,2],"2":[15,5],"3":[15,5]},"meta":{"lastBranch":0,"lastFunction":0,"lastStatement":0,"seen":{},"fnNames":{}}}
,"C:\\Users\\PC\\Calculator-with-Currency-Converter-and-The-Weather-VUE\\src\\components\\calculator\\CalculatorButton.vue": {"path":"C:\\Users\\PC\\Calculator-with-Currency-Converter-and-The-Weather-VUE\\src\\components\\calculator\\CalculatorButton.vue","statementMap":{"0":{"start":{"line":17,"column":2},"end":{"line":23,"column":null}},"1":{"start":{"line":21,"column":12},"end":{"line":21,"column":null}}},"fnMap":{"0":{"name":"(anonymous_0)","decl":{"start":{"line":21,"column":10},"end":{"line":21,"column":12}},"loc":{"start":{"line":21,"column":12},"end":{"line":21,"column":null}},"line":21}},"branchMap":{"0":{"loc":{"start":{"line":21,"column":10},"end":{"line":21,"column":null}},"type":"binary-expr","locations":[{"start":{"line":21,"column":10},"end":{"line":21,"column":12}},{"start":{"line":21,"column":10},"end":{"line":21,"column":null}}],"line":21}},"s":{"0":484,"1":39},"f":{"0":39},"b":{"0":[484,484]},"meta":{"lastBranch":1,"lastFunction":1,"lastStatement":2,"seen":{"s:17:2:23:Infinity":0,"b:21:10:21:12:21:10:21:Infinity":0,"f:21:10:21:12":0,"s:21:12:21:Infinity":1},"fnNames":{}}}
,"C:\\Users\\PC\\Calculator-with-Currency-Converter-and-The-Weather-VUE\\src\\components\\calculator\\CalculatorDisplay.vue": {"path":"C:\\Users\\PC\\Calculator-with-Currency-Converter-and-The-Weather-VUE\\src\\components\\calculator\\CalculatorDisplay.vue","statementMap":{"0":{"start":{"line":7,"column":14},"end":{"line":7,"column":null}},"1":{"start":{"line":18,"column":16},"end":{"line":18,"column":67}},"2":{"start":{"line":18,"column":31},"end":{"line":18,"column":66}},"3":{"start":{"line":22,"column":7},"end":{"line":22,"column":null}},"4":{"start":{"line":23,"column":7},"end":{"line":23,"column":46}},"5":{"start":{"line":22,"column":2},"end":{"line":28,"column":null}}},"fnMap":{"0":{"name":"(anonymous_0)","decl":{"start":{"line":18,"column":25},"end":{"line":18,"column":26}},"loc":{"start":{"line":18,"column":31},"end":{"line":18,"column":66}},"line":18}},"branchMap":{},"s":{"0":10,"1":10,"2":20,"3":2,"4":2,"5":20},"f":{"0":20},"b":{},"meta":{"lastBranch":0,"lastFunction":1,"lastStatement":6,"seen":{"s:7:14:7:Infinity":0,"s:18:16:18:67":1,"f:18:25:18:26":0,"s:18:31:18:66":2,"s:22:7:22:Infinity":3,"s:23:7:23:46":4,"s:22:2:28:Infinity":5},"fnNames":{}}}
,"C:\\Users\\PC\\Calculator-with-Currency-Converter-and-The-Weather-VUE\\src\\components\\calculator\\CalculatorKeypad.vue": {"path":"C:\\Users\\PC\\Calculator-with-Currency-Converter-and-The-Weather-VUE\\src\\components\\calculator\\CalculatorKeypad.vue","statementMap":{"0":{"start":{"line":8,"column":7},"end":{"line":8,"column":null}},"1":{"start":{"line":8,"column":2},"end":{"line":31,"column":107}},"2":{"start":{"line":9,"column":57},"end":{"line":9,"column":75}},"3":{"start":{"line":10,"column":40},"end":{"line":10,"column":63}},"4":{"start":{"line":11,"column":40},"end":{"line":11,"column":57}},"5":{"start":{"line":12,"column":59},"end":{"line":12,"column":85}},"6":{"start":{"line":14,"column":40},"end":{"line":14,"column":64}},"7":{"start":{"line":15,"column":40},"end":{"line":15,"column":64}},"8":{"start":{"line":16,"column":40},"end":{"line":16,"column":64}},"9":{"start":{"line":17,"column":59},"end":{"line":17,"column":85}},"10":{"start":{"line":19,"column":40},"end":{"line":19,"column":64}},"11":{"start":{"line":20,"column":40},"end":{"line":20,"column":64}},"12":{"start":{"line":21,"column":40},"end":{"line":21,"column":64}},"13":{"start":{"line":22,"column":59},"end":{"line":22,"column":85}},"14":{"start":{"line":24,"column":40},"end":{"line":24,"column":64}},"15":{"start":{"line":25,"column":40},"end":{"line":25,"column":64}},"16":{"start":{"line":26,"column":40},"end":{"line":26,"column":64}},"17":{"start":{"line":27,"column":59},"end":{"line":27,"column":85}},"18":{"start":{"line":29,"column":40},"end":{"line":29,"column":64}},"19":{"start":{"line":30,"column":40},"end":{"line":30,"column":64}},"20":{"start":{"line":31,"column":89},"end":{"line":31,"column":107}}},"fnMap":{"0":{"name":"(anonymous_0)","decl":{"start":{"line":9,"column":55},"end":{"line":9,"column":57}},"loc":{"start":{"line":9,"column":57},"end":{"line":9,"column":75}},"line":9},"1":{"name":"(anonymous_1)","decl":{"start":{"line":10,"column":38},"end":{"line":10,"column":40}},"loc":{"start":{"line":10,"column":40},"end":{"line":10,"column":63}},"line":10},"2":{"name":"(anonymous_2)","decl":{"start":{"line":11,"column":38},"end":{"line":11,"column":40}},"loc":{"start":{"line":11,"column":40},"end":{"line":11,"column":57}},"line":11},"3":{"name":"(anonymous_3)","decl":{"start":{"line":12,"column":57},"end":{"line":12,"column":59}},"loc":{"start":{"line":12,"column":59},"end":{"line":12,"column":85}},"line":12},"4":{"name":"(anonymous_4)","decl":{"start":{"line":14,"column":38},"end":{"line":14,"column":40}},"loc":{"start":{"line":14,"column":40},"end":{"line":14,"column":64}},"line":14},"5":{"name":"(anonymous_5)","decl":{"start":{"line":15,"column":38},"end":{"line":15,"column":40}},"loc":{"start":{"line":15,"column":40},"end":{"line":15,"column":64}},"line":15},"6":{"name":"(anonymous_6)","decl":{"start":{"line":16,"column":38},"end":{"line":16,"column":40}},"loc":{"start":{"line":16,"column":40},"end":{"line":16,"column":64}},"line":16},"7":{"name":"(anonymous_7)","decl":{"start":{"line":17,"column":57},"end":{"line":17,"column":59}},"loc":{"start":{"line":17,"column":59},"end":{"line":17,"column":85}},"line":17},"8":{"name":"(anonymous_8)","decl":{"start":{"line":19,"column":38},"end":{"line":19,"column":40}},"loc":{"start":{"line":19,"column":40},"end":{"line":19,"column":64}},"line":19},"9":{"name":"(anonymous_9)","decl":{"start":{"line":20,"column":38},"end":{"line":20,"column":40}},"loc":{"start":{"line":20,"column":40},"end":{"line":20,"column":64}},"line":20},"10":{"name":"(anonymous_10)","decl":{"start":{"line":21,"column":38},"end":{"line":21,"column":40}},"loc":{"start":{"line":21,"column":40},"end":{"line":21,"column":64}},"line":21},"11":{"name":"(anonymous_11)","decl":{"start":{"line":22,"column":57},"end":{"line":22,"column":59}},"loc":{"start":{"line":22,"column":59},"end":{"line":22,"column":85}},"line":22},"12":{"name":"(anonymous_12)","decl":{"start":{"line":24,"column":38},"end":{"line":24,"column":40}},"loc":{"start":{"line":24,"column":40},"end":{"line":24,"column":64}},"line":24},"13":{"name":"(anonymous_13)","decl":{"start":{"line":25,"column":38},"end":{"line":25,"column":40}},"loc":{"start":{"line":25,"column":40},"end":{"line":25,"column":64}},"line":25},"14":{"name":"(anonymous_14)","decl":{"start":{"line":26,"column":38},"end":{"line":26,"column":40}},"loc":{"start":{"line":26,"column":40},"end":{"line":26,"column":64}},"line":26},"15":{"name":"(anonymous_15)","decl":{"start":{"line":27,"column":57},"end":{"line":27,"column":59}},"loc":{"start":{"line":27,"column":59},"end":{"line":27,"column":85}},"line":27},"16":{"name":"(anonymous_16)","decl":{"start":{"line":29,"column":38},"end":{"line":29,"column":40}},"loc":{"start":{"line":29,"column":40},"end":{"line":29,"column":64}},"line":29},"17":{"name":"(anonymous_17)","decl":{"start":{"line":30,"column":38},"end":{"line":30,"column":40}},"loc":{"start":{"line":30,"column":40},"end":{"line":30,"column":64}},"line":30},"18":{"name":"(anonymous_18)","decl":{"start":{"line":31,"column":87},"end":{"line":31,"column":89}},"loc":{"start":{"line":31,"column":89},"end":{"line":31,"column":107}},"line":31}},"branchMap":{"0":{"loc":{"start":{"line":9,"column":55},"end":{"line":9,"column":75}},"type":"binary-expr","locations":[{"start":{"line":9,"column":55},"end":{"line":9,"column":57}},{"start":{"line":9,"column":55},"end":{"line":9,"column":75}}],"line":9},"1":{"loc":{"start":{"line":10,"column":38},"end":{"line":10,"column":63}},"type":"binary-expr","locations":[{"start":{"line":10,"column":38},"end":{"line":10,"column":40}},{"start":{"line":10,"column":38},"end":{"line":10,"column":63}}],"line":10},"2":{"loc":{"start":{"line":11,"column":38},"end":{"line":11,"column":57}},"type":"binary-expr","locations":[{"start":{"line":11,"column":38},"end":{"line":11,"column":40}},{"start":{"line":11,"column":38},"end":{"line":11,"column":57}}],"line":11},"3":{"loc":{"start":{"line":12,"column":57},"end":{"line":12,"column":85}},"type":"binary-expr","locations":[{"start":{"line":12,"column":57},"end":{"line":12,"column":59}},{"start":{"line":12,"column":57},"end":{"line":12,"column":85}}],"line":12},"4":{"loc":{"start":{"line":14,"column":38},"end":{"line":14,"column":64}},"type":"binary-expr","locations":[{"start":{"line":14,"column":38},"end":{"line":14,"column":40}},{"start":{"line":14,"column":38},"end":{"line":14,"column":64}}],"line":14},"5":{"loc":{"start":{"line":15,"column":38},"end":{"line":15,"column":64}},"type":"binary-expr","locations":[{"start":{"line":15,"column":38},"end":{"line":15,"column":40}},{"start":{"line":15,"column":38},"end":{"line":15,"column":64}}],"line":15},"6":{"loc":{"start":{"line":16,"column":38},"end":{"line":16,"column":64}},"type":"binary-expr","locations":[{"start":{"line":16,"column":38},"end":{"line":16,"column":40}},{"start":{"line":16,"column":38},"end":{"line":16,"column":64}}],"line":16},"7":{"loc":{"start":{"line":17,"column":57},"end":{"line":17,"column":85}},"type":"binary-expr","locations":[{"start":{"line":17,"column":57},"end":{"line":17,"column":59}},{"start":{"line":17,"column":57},"end":{"line":17,"column":85}}],"line":17},"8":{"loc":{"start":{"line":19,"column":38},"end":{"line":19,"column":64}},"type":"binary-expr","locations":[{"start":{"line":19,"column":38},"end":{"line":19,"column":40}},{"start":{"line":19,"column":38},"end":{"line":19,"column":64}}],"line":19},"9":{"loc":{"start":{"line":20,"column":38},"end":{"line":20,"column":64}},"type":"binary-expr","locations":[{"start":{"line":20,"column":38},"end":{"line":20,"column":40}},{"start":{"line":20,"column":38},"end":{"line":20,"column":64}}],"line":20},"10":{"loc":{"start":{"line":21,"column":38},"end":{"line":21,"column":64}},"type":"binary-expr","locations":[{"start":{"line":21,"column":38},"end":{"line":21,"column":40}},{"start":{"line":21,"column":38},"end":{"line":21,"column":64}}],"line":21},"11":{"loc":{"start":{"line":22,"column":57},"end":{"line":22,"column":85}},"type":"binary-expr","locations":[{"start":{"line":22,"column":57},"end":{"line":22,"column":59}},{"start":{"line":22,"column":57},"end":{"line":22,"column":85}}],"line":22},"12":{"loc":{"start":{"line":24,"column":38},"end":{"line":24,"column":64}},"type":"binary-expr","locations":[{"start":{"line":24,"column":38},"end":{"line":24,"column":40}},{"start":{"line":24,"column":38},"end":{"line":24,"column":64}}],"line":24},"13":{"loc":{"start":{"line":25,"column":38},"end":{"line":25,"column":64}},"type":"binary-expr","locations":[{"start":{"line":25,"column":38},"end":{"line":25,"column":40}},{"start":{"line":25,"column":38},"end":{"line":25,"column":64}}],"line":25},"14":{"loc":{"start":{"line":26,"column":38},"end":{"line":26,"column":64}},"type":"binary-expr","locations":[{"start":{"line":26,"column":38},"end":{"line":26,"column":40}},{"start":{"line":26,"column":38},"end":{"line":26,"column":64}}],"line":26},"15":{"loc":{"start":{"line":27,"column":57},"end":{"line":27,"column":85}},"type":"binary-expr","locations":[{"start":{"line":27,"column":57},"end":{"line":27,"column":59}},{"start":{"line":27,"column":57},"end":{"line":27,"column":85}}],"line":27},"16":{"loc":{"start":{"line":29,"column":38},"end":{"line":29,"column":64}},"type":"binary-expr","locations":[{"start":{"line":29,"column":38},"end":{"line":29,"column":40}},{"start":{"line":29,"column":38},"end":{"line":29,"column":64}}],"line":29},"17":{"loc":{"start":{"line":30,"column":38},"end":{"line":30,"column":64}},"type":"binary-expr","locations":[{"start":{"line":30,"column":38},"end":{"line":30,"column":40}},{"start":{"line":30,"column":38},"end":{"line":30,"column":64}}],"line":30},"18":{"loc":{"start":{"line":31,"column":87},"end":{"line":31,"column":107}},"type":"binary-expr","locations":[{"start":{"line":31,"column":87},"end":{"line":31,"column":89}},{"start":{"line":31,"column":87},"end":{"line":31,"column":107}}],"line":31}},"s":{"0":2,"1":24,"2":3,"3":1,"4":1,"5":2,"6":2,"7":1,"8":2,"9":1,"10":2,"11":2,"12":1,"13":1,"14":1,"15":2,"16":1,"17":1,"18":2,"19":1,"20":2},"f":{"0":3,"1":1,"2":1,"3":2,"4":2,"5":1,"6":2,"7":1,"8":2,"9":2,"10":1,"11":1,"12":1,"13":2,"14":1,"15":1,"16":2,"17":1,"18":2},"b":{"0":[24,24],"1":[24,24],"2":[24,24],"3":[24,24],"4":[24,24],"5":[24,24],"6":[24,24],"7":[24,24],"8":[24,24],"9":[24,24],"10":[24,24],"11":[24,24],"12":[24,24],"13":[24,24],"14":[24,24],"15":[24,24],"16":[24,24],"17":[24,24],"18":[24,24]},"meta":{"lastBranch":0,"lastFunction":0,"lastStatement":0,"seen":{},"fnNames":{}}}
,"C:\\Users\\PC\\Calculator-with-Currency-Converter-and-The-Weather-VUE\\src\\components\\calculator\\CalculatorMemory.vue": {"path":"C:\\Users\\PC\\Calculator-with-Currency-Converter-and-The-Weather-VUE\\src\\components\\calculator\\CalculatorMemory.vue","statementMap":{"0":{"start":{"line":8,"column":7},"end":{"line":8,"column":null}},"1":{"start":{"line":8,"column":2},"end":{"line":11,"column":83}},"2":{"start":{"line":9,"column":58},"end":{"line":9,"column":81}},"3":{"start":{"line":10,"column":58},"end":{"line":10,"column":84}},"4":{"start":{"line":11,"column":58},"end":{"line":11,"column":83}}},"fnMap":{"0":{"name":"(anonymous_0)","decl":{"start":{"line":9,"column":56},"end":{"line":9,"column":58}},"loc":{"start":{"line":9,"column":58},"end":{"line":9,"column":81}},"line":9},"1":{"name":"(anonymous_1)","decl":{"start":{"line":10,"column":56},"end":{"line":10,"column":58}},"loc":{"start":{"line":10,"column":58},"end":{"line":10,"column":84}},"line":10},"2":{"name":"(anonymous_2)","decl":{"start":{"line":11,"column":56},"end":{"line":11,"column":58}},"loc":{"start":{"line":11,"column":58},"end":{"line":11,"column":83}},"line":11}},"branchMap":{"0":{"loc":{"start":{"line":9,"column":56},"end":{"line":9,"column":81}},"type":"binary-expr","locations":[{"start":{"line":9,"column":56},"end":{"line":9,"column":58}},{"start":{"line":9,"column":56},"end":{"line":9,"column":81}}],"line":9},"1":{"loc":{"start":{"line":10,"column":56},"end":{"line":10,"column":84}},"type":"binary-expr","locations":[{"start":{"line":10,"column":56},"end":{"line":10,"column":58}},{"start":{"line":10,"column":56},"end":{"line":10,"column":84}}],"line":10},"2":{"loc":{"start":{"line":11,"column":56},"end":{"line":11,"column":83}},"type":"binary-expr","locations":[{"start":{"line":11,"column":56},"end":{"line":11,"column":58}},{"start":{"line":11,"column":56},"end":{"line":11,"column":83}}],"line":11}},"s":{"0":2,"1":8,"2":3,"3":4,"4":2},"f":{"0":3,"1":4,"2":2},"b":{"0":[8,8],"1":[8,8],"2":[8,8]},"meta":{"lastBranch":3,"lastFunction":3,"lastStatement":5,"seen":{"s:8:7:8:Infinity":0,"s:8:2:11:83":1,"b:9:56:9:58:9:56:9:81":0,"f:9:56:9:58":0,"s:9:58:9:81":2,"b:10:56:10:58:10:56:10:84":1,"f:10:56:10:58":1,"s:10:58:10:84":3,"b:11:56:11:58:11:56:11:83":2,"f:11:56:11:58":2,"s:11:58:11:83":4},"fnNames":{}}}
,"C:\\Users\\PC\\Calculator-with-Currency-Converter-and-The-Weather-VUE\\src\\components\\currency-converter\\CurrencyConverter.vue": {"path":"C:\\Users\\PC\\Calculator-with-Currency-Converter-and-The-Weather-VUE\\src\\components\\currency-converter\\CurrencyConverter.vue","statementMap":{"0":{"start":{"line":5,"column":14},"end":{"line":5,"column":null}},"1":{"start":{"line":12,"column":90},"end":{"line":12,"column":112}},"2":{"start":{"line":16,"column":0},"end":{"line":22,"column":1}},"3":{"start":{"line":17,"column":8},"end":{"line":17,"column":27}},"4":{"start":{"line":19,"column":4},"end":{"line":19,"column":27}},"5":{"start":{"line":29,"column":9},"end":{"line":29,"column":null}},"6":{"start":{"line":42,"column":9},"end":{"line":42,"column":null}},"7":{"start":{"line":52,"column":9},"end":{"line":52,"column":null}},"8":{"start":{"line":26,"column":2},"end":{"line":78,"column":8}},"9":{"start":{"line":33,"column":24},"end":{"line":33,"column":31}},"10":{"start":{"line":35,"column":58},"end":{"line":35,"column":null}},"11":{"start":{"line":46,"column":16},"end":{"line":46,"column":20}},"12":{"start":{"line":53,"column":58},"end":{"line":53,"column":null}},"13":{"start":{"line":60,"column":56},"end":{"line":60,"column":63}}},"fnMap":{"0":{"name":"(anonymous_0)","decl":{"start":{"line":17,"column":2},"end":{"line":17,"column":3}},"loc":{"start":{"line":17,"column":8},"end":{"line":17,"column":27}},"line":17},"1":{"name":"(anonymous_1)","decl":{"start":{"line":18,"column":2},"end":{"line":18,"column":3}},"loc":{"start":{"line":18,"column":16},"end":{"line":20,"column":3}},"line":18},"2":{"name":"(anonymous_2)","decl":{"start":{"line":33,"column":24},"end":{"line":33,"column":30}},"loc":{"start":{"line":33,"column":24},"end":{"line":33,"column":31}},"line":33},"3":{"name":"(anonymous_3)","decl":{"start":{"line":35,"column":58},"end":{"line":35,"column":70}},"loc":{"start":{"line":35,"column":58},"end":{"line":35,"column":null}},"line":35},"4":{"name":"(anonymous_4)","decl":{"start":{"line":46,"column":14},"end":{"line":46,"column":16}},"loc":{"start":{"line":46,"column":16},"end":{"line":46,"column":20}},"line":46},"5":{"name":"(anonymous_5)","decl":{"start":{"line":53,"column":58},"end":{"line":53,"column":68}},"loc":{"start":{"line":53,"column":58},"end":{"line":53,"column":null}},"line":53},"6":{"name":"(anonymous_6)","decl":{"start":{"line":60,"column":54},"end":{"line":60,"column":56}},"loc":{"start":{"line":60,"column":56},"end":{"line":60,"column":63}},"line":60}},"branchMap":{"0":{"loc":{"start":{"line":27,"column":4},"end":{"line":27,"column":70}},"type":"binary-expr","locations":[{"start":{"line":27,"column":4},"end":{"line":27,"column":8}},{"start":{"line":27,"column":4},"end":{"line":27,"column":70}}],"line":27},"1":{"loc":{"start":{"line":33,"column":24},"end":{"line":33,"column":31}},"type":"binary-expr","locations":[{"start":{"line":33,"column":24},"end":{"line":33,"column":30}},{"start":{"line":33,"column":24},"end":{"line":33,"column":31}}],"line":33},"2":{"loc":{"start":{"line":35,"column":58},"end":{"line":35,"column":null}},"type":"binary-expr","locations":[{"start":{"line":35,"column":58},"end":{"line":35,"column":70}},{"start":{"line":35,"column":58},"end":{"line":35,"column":null}}],"line":35},"3":{"loc":{"start":{"line":46,"column":14},"end":{"line":46,"column":null}},"type":"binary-expr","locations":[{"start":{"line":46,"column":14},"end":{"line":46,"column":16}},{"start":{"line":46,"column":14},"end":{"line":46,"column":null}}],"line":46},"4":{"loc":{"start":{"line":46,"column":16},"end":{"line":46,"column":20}},"type":"binary-expr","locations":[{"start":{"line":46,"column":16},"end":{"line":46,"column":20}},{"start":{"line":46,"column":16},"end":{"line":46,"column":20}}],"line":46},"5":{"loc":{"start":{"line":53,"column":58},"end":{"line":53,"column":null}},"type":"binary-expr","locations":[{"start":{"line":53,"column":58},"end":{"line":53,"column":68}},{"start":{"line":53,"column":58},"end":{"line":53,"column":null}}],"line":53},"6":{"loc":{"start":{"line":60,"column":54},"end":{"line":60,"column":65}},"type":"binary-expr","locations":[{"start":{"line":60,"column":54},"end":{"line":60,"column":56}},{"start":{"line":60,"column":54},"end":{"line":60,"column":65}}],"line":60},"7":{"loc":{"start":{"line":60,"column":56},"end":{"line":60,"column":63}},"type":"binary-expr","locations":[{"start":{"line":60,"column":56},"end":{"line":60,"column":63}},{"start":{"line":60,"column":56},"end":{"line":60,"column":63}}],"line":60},"8":{"loc":{"start":{"line":62,"column":13},"end":{"line":62,"column":86}},"type":"cond-expr","locations":[{"start":{"line":62,"column":4},"end":{"line":62,"column":86}}],"line":62},"9":{"loc":{"start":{"line":63,"column":13},"end":{"line":63,"column":69}},"type":"cond-expr","locations":[{"start":{"line":63,"column":4},"end":{"line":63,"column":69}}],"line":63},"10":{"loc":{"start":{"line":66,"column":12},"end":{"line":70,"column":63}},"type":"cond-expr","locations":[{"start":{"line":65,"column":4},"end":{"line":70,"column":63}}],"line":66},"11":{"loc":{"start":{"line":66,"column":12},"end":{"line":66,"column":49}},"type":"binary-expr","locations":[{"start":{"line":66,"column":12},"end":{"line":66,"column":32}},{"start":{"line":66,"column":18},"end":{"line":66,"column":39}},{"start":{"line":66,"column":39},"end":{"line":66,"column":49}}],"line":66},"12":{"loc":{"start":{"line":69,"column":6},"end":{"line":69,"column":28}},"type":"binary-expr","locations":[{"start":{"line":69,"column":6},"end":{"line":69,"column":12}},{"start":{"line":69,"column":6},"end":{"line":69,"column":28}}],"line":69},"13":{"loc":{"start":{"line":74,"column":12},"end":{"line":78,"column":8}},"type":"cond-expr","locations":[{"start":{"line":73,"column":4},"end":{"line":78,"column":8}}],"line":74},"14":{"loc":{"start":{"line":74,"column":12},"end":{"line":74,"column":47}},"type":"binary-expr","locations":[{"start":{"line":74,"column":12},"end":{"line":74,"column":30}},{"start":{"line":74,"column":16},"end":{"line":74,"column":37}},{"start":{"line":74,"column":37},"end":{"line":74,"column":47}}],"line":74}},"s":{"0":16,"1":16,"2":16,"3":25,"4":25,"5":2,"6":2,"7":2,"8":28,"9":1,"10":1,"11":1,"12":1,"13":1},"f":{"0":25,"1":25,"2":1,"3":1,"4":1,"5":1,"6":1},"b":{"0":[28,16],"1":[28,16],"2":[28,16],"3":[28,16],"4":[1,1],"5":[28,16],"6":[28,16],"7":[1,1],"8":[2],"9":[2],"10":[1],"11":[28,3,2],"12":[1,1],"13":[1],"14":[28,3,2]},"meta":{"lastBranch":0,"lastFunction":0,"lastStatement":0,"seen":{},"fnNames":{}}}
,"C:\\Users\\PC\\Calculator-with-Currency-Converter-and-The-Weather-VUE\\src\\components\\weather\\Weather.vue": {"path":"C:\\Users\\PC\\Calculator-with-Currency-Converter-and-The-Weather-VUE\\src\\components\\weather\\Weather.vue","statementMap":{"0":{"start":{"line":6,"column":64},"end":{"line":6,"column":76}},"1":{"start":{"line":10,"column":0},"end":{"line":12,"column":2}},"2":{"start":{"line":11,"column":2},"end":{"line":11,"column":16}},"3":{"start":{"line":17,"column":9},"end":{"line":17,"column":null}},"4":{"start":{"line":19,"column":11},"end":{"line":19,"column":null}},"5":{"start":{"line":45,"column":11},"end":{"line":45,"column":36}},"6":{"start":{"line":46,"column":11},"end":{"line":46,"column":null}},"7":{"start":{"line":47,"column":11},"end":{"line":47,"column":36}},"8":{"start":{"line":48,"column":11},"end":{"line":48,"column":36}},"9":{"start":{"line":49,"column":11},"end":{"line":49,"column":36}},"10":{"start":{"line":16,"column":2},"end":{"line":49,"column":68}},"11":{"start":{"line":23,"column":18},"end":{"line":23,"column":null}},"12":{"start":{"line":30,"column":18},"end":{"line":30,"column":null}},"13":{"start":{"line":41,"column":45},"end":{"line":41,"column":57}}},"fnMap":{"0":{"name":"(anonymous_0)","decl":{"start":{"line":10,"column":10},"end":{"line":10,"column":11}},"loc":{"start":{"line":10,"column":16},"end":{"line":12,"column":1}},"line":10},"1":{"name":"(anonymous_1)","decl":{"start":{"line":23,"column":16},"end":{"line":23,"column":18}},"loc":{"start":{"line":23,"column":18},"end":{"line":23,"column":null}},"line":23},"2":{"name":"(anonymous_2)","decl":{"start":{"line":30,"column":16},"end":{"line":30,"column":18}},"loc":{"start":{"line":30,"column":18},"end":{"line":30,"column":null}},"line":30},"3":{"name":"(anonymous_3)","decl":{"start":{"line":41,"column":43},"end":{"line":41,"column":45}},"loc":{"start":{"line":41,"column":45},"end":{"line":41,"column":57}},"line":41}},"branchMap":{"0":{"loc":{"start":{"line":18,"column":6},"end":{"line":18,"column":50}},"type":"binary-expr","locations":[{"start":{"line":18,"column":6},"end":{"line":18,"column":10}},{"start":{"line":18,"column":6},"end":{"line":18,"column":50}}],"line":18},"1":{"loc":{"start":{"line":23,"column":16},"end":{"line":23,"column":null}},"type":"binary-expr","locations":[{"start":{"line":23,"column":16},"end":{"line":23,"column":18}},{"start":{"line":23,"column":16},"end":{"line":23,"column":null}}],"line":23},"2":{"loc":{"start":{"line":30,"column":16},"end":{"line":30,"column":null}},"type":"binary-expr","locations":[{"start":{"line":30,"column":16},"end":{"line":30,"column":18}},{"start":{"line":30,"column":16},"end":{"line":30,"column":null}}],"line":30},"3":{"loc":{"start":{"line":37,"column":13},"end":{"line":37,"column":77}},"type":"cond-expr","locations":[{"start":{"line":37,"column":4},"end":{"line":37,"column":77}}],"line":37},"4":{"loc":{"start":{"line":39,"column":15},"end":{"line":41,"column":78}},"type":"cond-expr","locations":[{"start":{"line":39,"column":4},"end":{"line":41,"column":78}}],"line":39},"5":{"loc":{"start":{"line":41,"column":43},"end":{"line":41,"column":59}},"type":"binary-expr","locations":[{"start":{"line":41,"column":43},"end":{"line":41,"column":45}},{"start":{"line":41,"column":43},"end":{"line":41,"column":59}}],"line":41},"6":{"loc":{"start":{"line":41,"column":45},"end":{"line":41,"column":57}},"type":"binary-expr","locations":[{"start":{"line":41,"column":45},"end":{"line":41,"column":57}},{"start":{"line":41,"column":45},"end":{"line":41,"column":57}}],"line":41},"7":{"loc":{"start":{"line":44,"column":15},"end":{"line":49,"column":68}},"type":"cond-expr","locations":[{"start":{"line":44,"column":4},"end":{"line":49,"column":68}}],"line":44},"8":{"loc":{"start":{"line":44,"column":15},"end":{"line":44,"column":41}},"type":"binary-expr","locations":[{"start":{"line":44,"column":15},"end":{"line":44,"column":19}},{"start":{"line":44,"column":19},"end":{"line":44,"column":31}},{"start":{"line":44,"column":31},"end":{"line":44,"column":41}}],"line":44}},"s":{"0":16,"1":16,"2":16,"3":2,"4":2,"5":2,"6":2,"7":2,"8":2,"9":2,"10":26,"11":1,"12":1,"13":1},"f":{"0":16,"1":1,"2":1,"3":1},"b":{"0":[26,16],"1":[26,16],"2":[26,16],"3":[7],"4":[7],"5":[7,7],"6":[1,1],"7":[1],"8":[26,3,2]},"meta":{"lastBranch":9,"lastFunction":4,"lastStatement":14,"seen":{"s:6:64:6:76":0,"s:10:0:12:2":1,"f:10:10:10:11":0,"s:11:2:11:16":2,"s:17:9:17:Infinity":3,"s:19:11:19:Infinity":4,"s:45:11:45:36":5,"s:46:11:46:Infinity":6,"s:47:11:47:36":7,"s:48:11:48:36":8,"s:49:11:49:36":9,"s:16:2:49:68":10,"b:18:6:18:10:18:6:18:50":0,"b:23:16:23:18:23:16:23:Infinity":1,"f:23:16:23:18":1,"s:23:18:23:Infinity":11,"b:30:16:30:18:30:16:30:Infinity":2,"f:30:16:30:18":2,"s:30:18:30:Infinity":12,"b:37:4:37:77":3,"b:39:4:41:78":4,"b:41:43:41:45:41:43:41:59":5,"f:41:43:41:45":3,"s:41:45:41:57":13,"b:41:45:41:57:41:45:41:57":6,"b:44:4:49:68":7,"b:44:15:44:19:44:19:44:31:44:31:44:41":8},"fnNames":{}}}
,"C:\\Users\\PC\\Calculator-with-Currency-Converter-and-The-Weather-VUE\\src\\composables\\useCalculator.js": {"path":"C:\\Users\\PC\\Calculator-with-Currency-Converter-and-The-Weather-VUE\\src\\composables\\useCalculator.js","statementMap":{"0":{"start":{"line":6,"column":18},"end":{"line":6,"column":26}},"1":{"start":{"line":7,"column":24},"end":{"line":7,"column":33}},"2":{"start":{"line":8,"column":19},"end":{"line":8,"column":28}},"3":{"start":{"line":10,"column":25},"end":{"line":13,"column":4}},"4":{"start":{"line":11,"column":4},"end":{"line":11,"column":74}},"5":{"start":{"line":11,"column":65},"end":{"line":11,"column":74}},"6":{"start":{"line":12,"column":4},"end":{"line":12,"column":53}},"7":{"start":{"line":16,"column":4},"end":{"line":16,"column":60}},"8":{"start":{"line":16,"column":54},"end":{"line":16,"column":60}},"9":{"start":{"line":18,"column":4},"end":{"line":18,"column":73}},"10":{"start":{"line":24,"column":20},"end":{"line":24,"column":41}},"11":{"start":{"line":27,"column":4},"end":{"line":46,"column":5}},"12":{"start":{"line":29,"column":8},"end":{"line":29,"column":46}},"13":{"start":{"line":30,"column":8},"end":{"line":30,"column":13}},"14":{"start":{"line":32,"column":8},"end":{"line":32,"column":46}},"15":{"start":{"line":33,"column":8},"end":{"line":33,"column":13}},"16":{"start":{"line":35,"column":8},"end":{"line":35,"column":46}},"17":{"start":{"line":36,"column":8},"end":{"line":36,"column":13}},"18":{"start":{"line":38,"column":8},"end":{"line":43,"column":9}},"19":{"start":{"line":39,"column":10},"end":{"line":39,"column":63}},"20":{"start":{"line":40,"column":10},"end":{"line":40,"column":36}},"21":{"start":{"line":41,"column":10},"end":{"line":41,"column":31}},"22":{"start":{"line":42,"column":10},"end":{"line":42,"column":22}},"23":{"start":{"line":44,"column":8},"end":{"line":44,"column":46}},"24":{"start":{"line":45,"column":8},"end":{"line":45,"column":13}},"25":{"start":{"line":48,"column":4},"end":{"line":48,"column":34}},"26":{"start":{"line":49,"column":4},"end":{"line":49,"column":15}},"27":{"start":{"line":53,"column":4},"end":{"line":56,"column":5}},"28":{"start":{"line":54,"column":22},"end":{"line":54,"column":47}},"29":{"start":{"line":55,"column":6},"end":{"line":55,"column":26}},"30":{"start":{"line":55,"column":20},"end":{"line":55,"column":26}},"31":{"start":{"line":58,"column":4},"end":{"line":58,"column":47}},"32":{"start":{"line":59,"column":4},"end":{"line":59,"column":23}},"33":{"start":{"line":60,"column":4},"end":{"line":60,"column":23}},"34":{"start":{"line":64,"column":4},"end":{"line":64,"column":71}},"35":{"start":{"line":64,"column":65},"end":{"line":64,"column":71}},"36":{"start":{"line":66,"column":4},"end":{"line":66,"column":29}},"37":{"start":{"line":67,"column":4},"end":{"line":67,"column":30}},"38":{"start":{"line":68,"column":4},"end":{"line":68,"column":25}},"39":{"start":{"line":72,"column":4},"end":{"line":72,"column":23}},"40":{"start":{"line":73,"column":4},"end":{"line":73,"column":30}},"41":{"start":{"line":74,"column":4},"end":{"line":74,"column":25}},"42":{"start":{"line":80,"column":4},"end":{"line":80,"column":33}},"43":{"start":{"line":85,"column":20},"end":{"line":85,"column":41}},"44":{"start":{"line":86,"column":4},"end":{"line":86,"column":41}},"45":{"start":{"line":91,"column":20},"end":{"line":91,"column":41}},"46":{"start":{"line":92,"column":4},"end":{"line":92,"column":29}},"47":{"start":{"line":92,"column":23},"end":{"line":92,"column":29}},"48":{"start":{"line":93,"column":4},"end":{"line":93,"column":40}},"49":{"start":{"line":96,"column":2},"end":{"line":96,"column":124}}},"fnMap":{"0":{"name":"useCalculator","decl":{"start":{"line":5,"column":16},"end":{"line":5,"column":29}},"loc":{"start":{"line":5,"column":32},"end":{"line":97,"column":null}},"line":5},"1":{"name":"(anonymous_1)","decl":{"start":{"line":10,"column":34},"end":{"line":10,"column":35}},"loc":{"start":{"line":10,"column":40},"end":{"line":13,"column":3}},"line":10},"2":{"name":"inputNumber","decl":{"start":{"line":15,"column":11},"end":{"line":15,"column":22}},"loc":{"start":{"line":15,"column":30},"end":{"line":19,"column":3}},"line":15},"3":{"name":"performPendingOperation","decl":{"start":{"line":23,"column":11},"end":{"line":23,"column":34}},"loc":{"start":{"line":23,"column":37},"end":{"line":50,"column":3}},"line":23},"4":{"name":"inputOperator","decl":{"start":{"line":52,"column":11},"end":{"line":52,"column":24}},"loc":{"start":{"line":52,"column":29},"end":{"line":61,"column":3}},"line":52},"5":{"name":"calculate","decl":{"start":{"line":63,"column":11},"end":{"line":63,"column":20}},"loc":{"start":{"line":63,"column":23},"end":{"line":69,"column":3}},"line":63},"6":{"name":"clear","decl":{"start":{"line":71,"column":11},"end":{"line":71,"column":16}},"loc":{"start":{"line":71,"column":19},"end":{"line":75,"column":3}},"line":71},"7":{"name":"recallValue","decl":{"start":{"line":79,"column":11},"end":{"line":79,"column":22}},"loc":{"start":{"line":79,"column":30},"end":{"line":81,"column":3}},"line":79},"8":{"name":"applyPercentage","decl":{"start":{"line":84,"column":11},"end":{"line":84,"column":26}},"loc":{"start":{"line":84,"column":29},"end":{"line":87,"column":3}},"line":84},"9":{"name":"toggleSign","decl":{"start":{"line":90,"column":11},"end":{"line":90,"column":21}},"loc":{"start":{"line":90,"column":24},"end":{"line":94,"column":3}},"line":90}},"branchMap":{"0":{"loc":{"start":{"line":11,"column":4},"end":{"line":11,"column":74}},"type":"if","locations":[{"start":{"line":11,"column":4},"end":{"line":11,"column":74}},{"start":{},"end":{}}],"line":11},"1":{"loc":{"start":{"line":11,"column":8},"end":{"line":11,"column":63}},"type":"binary-expr","locations":[{"start":{"line":11,"column":8},"end":{"line":11,"column":36}},{"start":{"line":11,"column":40},"end":{"line":11,"column":63}}],"line":11},"2":{"loc":{"start":{"line":16,"column":4},"end":{"line":16,"column":60}},"type":"if","locations":[{"start":{"line":16,"column":4},"end":{"line":16,"column":60}},{"start":{},"end":{}}],"line":16},"3":{"loc":{"start":{"line":16,"column":8},"end":{"line":16,"column":52}},"type":"binary-expr","locations":[{"start":{"line":16,"column":8},"end":{"line":16,"column":21}},{"start":{"line":16,"column":25},"end":{"line":16,"column":52}}],"line":16},"4":{"loc":{"start":{"line":18,"column":20},"end":{"line":18,"column":73}},"type":"cond-expr","locations":[{"start":{"line":18,"column":44},"end":{"line":18,"column":49}},{"start":{"line":18,"column":52},"end":{"line":18,"column":73}}],"line":18},"5":{"loc":{"start":{"line":27,"column":4},"end":{"line":46,"column":5}},"type":"switch","locations":[{"start":{"line":28,"column":6},"end":{"line":30,"column":13}},{"start":{"line":31,"column":6},"end":{"line":33,"column":13}},{"start":{"line":34,"column":6},"end":{"line":36,"column":13}},{"start":{"line":37,"column":6},"end":{"line":45,"column":13}}],"line":27},"6":{"loc":{"start":{"line":38,"column":8},"end":{"line":43,"column":9}},"type":"if","locations":[{"start":{"line":38,"column":8},"end":{"line":43,"column":9}},{"start":{},"end":{}}],"line":38},"7":{"loc":{"start":{"line":53,"column":4},"end":{"line":56,"column":5}},"type":"if","locations":[{"start":{"line":53,"column":4},"end":{"line":56,"column":5}},{"start":{},"end":{}}],"line":53},"8":{"loc":{"start":{"line":53,"column":8},"end":{"line":53,"column":63}},"type":"binary-expr","locations":[{"start":{"line":53,"column":8},"end":{"line":53,"column":36}},{"start":{"line":53,"column":40},"end":{"line":53,"column":63}}],"line":53},"9":{"loc":{"start":{"line":55,"column":6},"end":{"line":55,"column":26}},"type":"if","locations":[{"start":{"line":55,"column":6},"end":{"line":55,"column":26}},{"start":{},"end":{}}],"line":55},"10":{"loc":{"start":{"line":64,"column":4},"end":{"line":64,"column":71}},"type":"if","locations":[{"start":{"line":64,"column":4},"end":{"line":64,"column":71}},{"start":{},"end":{}}],"line":64},"11":{"loc":{"start":{"line":64,"column":8},"end":{"line":64,"column":63}},"type":"binary-expr","locations":[{"start":{"line":64,"column":8},"end":{"line":64,"column":36}},{"start":{"line":64,"column":40},"end":{"line":64,"column":63}}],"line":64},"12":{"loc":{"start":{"line":92,"column":4},"end":{"line":92,"column":29}},"type":"if","locations":[{"start":{"line":92,"column":4},"end":{"line":92,"column":29}},{"start":{},"end":{}}],"line":92}},"s":{"0":20,"1":20,"2":20,"3":20,"4":10,"5":8,"6":2,"7":32,"8":1,"9":31,"10":9,"11":9,"12":2,"13":2,"14":1,"15":1,"16":2,"17":2,"18":4,"19":3,"20":3,"21":3,"22":3,"23":1,"24":1,"25":6,"26":6,"27":12,"28":2,"29":2,"30":1,"31":11,"32":11,"33":11,"34":8,"35":1,"36":7,"37":7,"38":7,"39":3,"40":3,"41":3,"42":2,"43":1,"44":1,"45":2,"46":2,"47":1,"48":1,"49":20},"f":{"0":20,"1":10,"2":32,"3":9,"4":12,"5":8,"6":3,"7":2,"8":1,"9":2},"b":{"0":[8,2],"1":[10,2],"2":[1,31],"3":[32,2],"4":[26,5],"5":[2,1,2,4],"6":[3,1],"7":[2,10],"8":[12,2],"9":[1,1],"10":[1,7],"11":[8,7],"12":[1,1]},"meta":{"lastBranch":13,"lastFunction":10,"lastStatement":50,"seen":{"f:5:16:5:29":0,"s:6:18:6:26":0,"s:7:24:7:33":1,"s:8:19:8:28":2,"s:10:25:13:4":3,"f:10:34:10:35":1,"b:11:4:11:74:undefined:undefined:undefined:undefined":0,"s:11:4:11:74":4,"b:11:8:11:36:11:40:11:63":1,"s:11:65:11:74":5,"s:12:4:12:53":6,"f:15:11:15:22":2,"b:16:4:16:60:undefined:undefined:undefined:undefined":2,"s:16:4:16:60":7,"b:16:8:16:21:16:25:16:52":3,"s:16:54:16:60":8,"s:18:4:18:73":9,"b:18:44:18:49:18:52:18:73":4,"f:23:11:23:34":3,"s:24:20:24:41":10,"b:28:6:30:13:31:6:33:13:34:6:36:13:37:6:45:13":5,"s:27:4:46:5":11,"s:29:8:29:46":12,"s:30:8:30:13":13,"s:32:8:32:46":14,"s:33:8:33:13":15,"s:35:8:35:46":16,"s:36:8:36:13":17,"b:38:8:43:9:undefined:undefined:undefined:undefined":6,"s:38:8:43:9":18,"s:39:10:39:63":19,"s:40:10:40:36":20,"s:41:10:41:31":21,"s:42:10:42:22":22,"s:44:8:44:46":23,"s:45:8:45:13":24,"s:48:4:48:34":25,"s:49:4:49:15":26,"f:52:11:52:24":4,"b:53:4:56:5:undefined:undefined:undefined:undefined":7,"s:53:4:56:5":27,"b:53:8:53:36:53:40:53:63":8,"s:54:22:54:47":28,"b:55:6:55:26:undefined:undefined:undefined:undefined":9,"s:55:6:55:26":29,"s:55:20:55:26":30,"s:58:4:58:47":31,"s:59:4:59:23":32,"s:60:4:60:23":33,"f:63:11:63:20":5,"b:64:4:64:71:undefined:undefined:undefined:undefined":10,"s:64:4:64:71":34,"b:64:8:64:36:64:40:64:63":11,"s:64:65:64:71":35,"s:66:4:66:29":36,"s:67:4:67:30":37,"s:68:4:68:25":38,"f:71:11:71:16":6,"s:72:4:72:23":39,"s:73:4:73:30":40,"s:74:4:74:25":41,"f:79:11:79:22":7,"s:80:4:80:33":42,"f:84:11:84:26":8,"s:85:20:85:41":43,"s:86:4:86:41":44,"f:90:11:90:21":9,"s:91:20:91:41":45,"b:92:4:92:29:undefined:undefined:undefined:undefined":12,"s:92:4:92:29":46,"s:92:23:92:29":47,"s:93:4:93:40":48,"s:96:2:96:124":49},"fnNames":{}}}
,"C:\\Users\\PC\\Calculator-with-Currency-Converter-and-The-Weather-VUE\\src\\composables\\useCurrencyConverter.js": {"path":"C:\\Users\\PC\\Calculator-with-Currency-Converter-and-The-Weather-VUE\\src\\composables\\useCurrencyConverter.js","statementMap":{"0":{"start":{"line":4,"column":16},"end":{"line":4,"column":66}},"1":{"start":{"line":10,"column":17},"end":{"line":10,"column":23}},"2":{"start":{"line":11,"column":23},"end":{"line":11,"column":33}},"3":{"start":{"line":12,"column":21},"end":{"line":12,"column":31}},"4":{"start":{"line":13,"column":17},"end":{"line":13,"column":26}},"5":{"start":{"line":14,"column":15},"end":{"line":14,"column":24}},"6":{"start":{"line":15,"column":18},"end":{"line":15,"column":28}},"7":{"start":{"line":16,"column":16},"end":{"line":16,"column":25}},"8":{"start":{"line":20,"column":4},"end":{"line":20,"column":22}},"9":{"start":{"line":23,"column":4},"end":{"line":27,"column":5}},"10":{"start":{"line":24,"column":6},"end":{"line":24,"column":20}},"11":{"start":{"line":25,"column":6},"end":{"line":25,"column":33}},"12":{"start":{"line":26,"column":6},"end":{"line":26,"column":12}},"13":{"start":{"line":29,"column":4},"end":{"line":29,"column":24}},"14":{"start":{"line":31,"column":4},"end":{"line":53,"column":5}},"15":{"start":{"line":32,"column":23},"end":{"line":37,"column":8}},"16":{"start":{"line":39,"column":20},"end":{"line":39,"column":39}},"17":{"start":{"line":40,"column":23},"end":{"line":40,"column":56}},"18":{"start":{"line":41,"column":21},"end":{"line":41,"column":52}},"19":{"start":{"line":45,"column":6},"end":{"line":45,"column":36}},"20":{"start":{"line":46,"column":6},"end":{"line":46,"column":46}},"21":{"start":{"line":48,"column":6},"end":{"line":48,"column":79}},"22":{"start":{"line":49,"column":6},"end":{"line":49,"column":25}},"23":{"start":{"line":50,"column":6},"end":{"line":50,"column":23}},"24":{"start":{"line":52,"column":6},"end":{"line":52,"column":27}},"25":{"start":{"line":58,"column":17},"end":{"line":58,"column":35}},"26":{"start":{"line":59,"column":4},"end":{"line":59,"column":41}},"27":{"start":{"line":60,"column":4},"end":{"line":60,"column":27}},"28":{"start":{"line":63,"column":2},"end":{"line":63,"column":90}}},"fnMap":{"0":{"name":"useCurrencyConverter","decl":{"start":{"line":9,"column":16},"end":{"line":9,"column":36}},"loc":{"start":{"line":9,"column":39},"end":{"line":64,"column":null}},"line":9},"1":{"name":"convert","decl":{"start":{"line":19,"column":17},"end":{"line":19,"column":24}},"loc":{"start":{"line":19,"column":27},"end":{"line":54,"column":3}},"line":19},"2":{"name":"swap","decl":{"start":{"line":57,"column":11},"end":{"line":57,"column":15}},"loc":{"start":{"line":57,"column":18},"end":{"line":61,"column":3}},"line":57}},"branchMap":{"0":{"loc":{"start":{"line":23,"column":4},"end":{"line":27,"column":5}},"type":"if","locations":[{"start":{"line":23,"column":4},"end":{"line":27,"column":5}},{"start":{},"end":{}}],"line":23}},"s":{"0":2,"1":12,"2":12,"3":12,"4":12,"5":12,"6":12,"7":12,"8":6,"9":6,"10":2,"11":2,"12":2,"13":4,"14":4,"15":4,"16":3,"17":3,"18":3,"19":3,"20":3,"21":1,"22":1,"23":1,"24":4,"25":1,"26":1,"27":1,"28":12},"f":{"0":12,"1":6,"2":1},"b":{"0":[2,4]},"meta":{"lastBranch":1,"lastFunction":3,"lastStatement":29,"seen":{"s:4:16:4:66":0,"f:9:16:9:36":0,"s:10:17:10:23":1,"s:11:23:11:33":2,"s:12:21:12:31":3,"s:13:17:13:26":4,"s:14:15:14:24":5,"s:15:18:15:28":6,"s:16:16:16:25":7,"f:19:17:19:24":1,"s:20:4:20:22":8,"b:23:4:27:5:undefined:undefined:undefined:undefined":0,"s:23:4:27:5":9,"s:24:6:24:20":10,"s:25:6:25:33":11,"s:26:6:26:12":12,"s:29:4:29:24":13,"s:31:4:53:5":14,"s:32:23:37:8":15,"s:39:20:39:39":16,"s:40:23:40:56":17,"s:41:21:41:52":18,"s:45:6:45:36":19,"s:46:6:46:46":20,"s:48:6:48:79":21,"s:49:6:49:25":22,"s:50:6:50:23":23,"s:52:6:52:27":24,"f:57:11:57:15":2,"s:58:17:58:35":25,"s:59:4:59:41":26,"s:60:4:60:27":27,"s:63:2:63:90":28},"fnNames":{}}}
,"C:\\Users\\PC\\Calculator-with-Currency-Converter-and-The-Weather-VUE\\src\\composables\\useWeather.js": {"path":"C:\\Users\\PC\\Calculator-with-Currency-Converter-and-The-Weather-VUE\\src\\composables\\useWeather.js","statementMap":{"0":{"start":{"line":4,"column":21},"end":{"line":4,"column":64}},"1":{"start":{"line":5,"column":21},"end":{"line":5,"column":70}},"2":{"start":{"line":6,"column":22},"end":{"line":6,"column":30}},"3":{"start":{"line":12,"column":16},"end":{"line":12,"column":31}},"4":{"start":{"line":13,"column":15},"end":{"line":13,"column":24}},"5":{"start":{"line":14,"column":18},"end":{"line":14,"column":28}},"6":{"start":{"line":15,"column":16},"end":{"line":15,"column":25}},"7":{"start":{"line":18,"column":4},"end":{"line":18,"column":24}},"8":{"start":{"line":19,"column":4},"end":{"line":19,"column":22}},"9":{"start":{"line":21,"column":4},"end":{"line":41,"column":5}},"10":{"start":{"line":22,"column":18},"end":{"line":22,"column":74}},"11":{"start":{"line":23,"column":23},"end":{"line":23,"column":43}},"12":{"start":{"line":25,"column":23},"end":{"line":27,"column":51}},"13":{"start":{"line":29,"column":20},"end":{"line":29,"column":75}},"14":{"start":{"line":29,"column":55},"end":{"line":29,"column":74}},"15":{"start":{"line":31,"column":6},"end":{"line":33,"column":7}},"16":{"start":{"line":32,"column":8},"end":{"line":32,"column":73}},"17":{"start":{"line":35,"column":6},"end":{"line":35,"column":24}},"18":{"start":{"line":37,"column":6},"end":{"line":37,"column":71}},"19":{"start":{"line":38,"column":6},"end":{"line":38,"column":23}},"20":{"start":{"line":40,"column":6},"end":{"line":40,"column":27}},"21":{"start":{"line":46,"column":4},"end":{"line":46,"column":26}},"22":{"start":{"line":47,"column":4},"end":{"line":47,"column":25}},"23":{"start":{"line":50,"column":2},"end":{"line":50,"column":64}}},"fnMap":{"0":{"name":"useWeather","decl":{"start":{"line":11,"column":16},"end":{"line":11,"column":26}},"loc":{"start":{"line":11,"column":29},"end":{"line":51,"column":null}},"line":11},"1":{"name":"fetchWeather","decl":{"start":{"line":17,"column":17},"end":{"line":17,"column":29}},"loc":{"start":{"line":17,"column":32},"end":{"line":42,"column":3}},"line":17},"2":{"name":"(anonymous_2)","decl":{"start":{"line":29,"column":48},"end":{"line":29,"column":49}},"loc":{"start":{"line":29,"column":55},"end":{"line":29,"column":74}},"line":29},"3":{"name":"setScope","decl":{"start":{"line":45,"column":11},"end":{"line":45,"column":19}},"loc":{"start":{"line":45,"column":30},"end":{"line":48,"column":3}},"line":45}},"branchMap":{"0":{"loc":{"start":{"line":22,"column":18},"end":{"line":22,"column":74}},"type":"cond-expr","locations":[{"start":{"line":22,"column":47},"end":{"line":22,"column":59}},{"start":{"line":22,"column":62},"end":{"line":22,"column":74}}],"line":22},"1":{"loc":{"start":{"line":25,"column":23},"end":{"line":27,"column":51}},"type":"cond-expr","locations":[{"start":{"line":26,"column":10},"end":{"line":26,"column":23}},{"start":{"line":27,"column":10},"end":{"line":27,"column":51}}],"line":25},"2":{"loc":{"start":{"line":31,"column":6},"end":{"line":33,"column":7}},"type":"if","locations":[{"start":{"line":31,"column":6},"end":{"line":33,"column":7}},{"start":{},"end":{}}],"line":31}},"s":{"0":2,"1":2,"2":2,"3":9,"4":9,"5":9,"6":9,"7":9,"8":9,"9":9,"10":9,"11":9,"12":8,"13":9,"14":3,"15":9,"16":5,"17":3,"18":6,"19":6,"20":9,"21":1,"22":1,"23":9},"f":{"0":9,"1":9,"2":3,"3":1},"b":{"0":[8,1],"1":[7,1],"2":[5,4]},"meta":{"lastBranch":3,"lastFunction":4,"lastStatement":24,"seen":{"s:4:21:4:64":0,"s:5:21:5:70":1,"s:6:22:6:30":2,"f:11:16:11:26":0,"s:12:16:12:31":3,"s:13:15:13:24":4,"s:14:18:14:28":5,"s:15:16:15:25":6,"f:17:17:17:29":1,"s:18:4:18:24":7,"s:19:4:19:22":8,"s:21:4:41:5":9,"s:22:18:22:74":10,"b:22:47:22:59:22:62:22:74":0,"s:23:23:23:43":11,"s:25:23:27:51":12,"b:26:10:26:23:27:10:27:51":1,"s:29:20:29:75":13,"f:29:48:29:49":2,"s:29:55:29:74":14,"b:31:6:33:7:undefined:undefined:undefined:undefined":2,"s:31:6:33:7":15,"s:32:8:32:73":16,"s:35:6:35:24":17,"s:37:6:37:71":18,"s:38:6:38:23":19,"s:40:6:40:27":20,"f:45:11:45:19":3,"s:46:4:46:26":21,"s:47:4:47:25":22,"s:50:2:50:64":23},"fnNames":{}}}
,"C:\\Users\\PC\\Calculator-with-Currency-Converter-and-The-Weather-VUE\\src\\stores\\memoryStore.js": {"path":"C:\\Users\\PC\\Calculator-with-Currency-Converter-and-The-Weather-VUE\\src\\stores\\memoryStore.js","statementMap":{"0":{"start":{"line":6,"column":30},"end":{"line":20,"column":null}},"1":{"start":{"line":7,"column":16},"end":{"line":9,"column":3}},"2":{"start":{"line":13,"column":6},"end":{"line":13,"column":27}},"3":{"start":{"line":17,"column":6},"end":{"line":17,"column":23}}},"fnMap":{"0":{"name":"(anonymous_0)","decl":{"start":{"line":7,"column":9},"end":{"line":7,"column":10}},"loc":{"start":{"line":7,"column":16},"end":{"line":9,"column":3}},"line":7},"1":{"name":"save","decl":{"start":{"line":12,"column":4},"end":{"line":12,"column":8}},"loc":{"start":{"line":12,"column":19},"end":{"line":14,"column":5}},"line":12},"2":{"name":"clear","decl":{"start":{"line":16,"column":4},"end":{"line":16,"column":9}},"loc":{"start":{"line":16,"column":12},"end":{"line":18,"column":5}},"line":16}},"branchMap":{},"s":{"0":2,"1":8,"2":4,"3":2},"f":{"0":8,"1":4,"2":2},"b":{},"meta":{"lastBranch":0,"lastFunction":3,"lastStatement":4,"seen":{"s:6:30:20:Infinity":0,"f:7:9:7:10":0,"s:7:16:9:3":1,"f:12:4:12:8":1,"s:13:6:13:27":2,"f:16:4:16:9":2,"s:17:6:17:23":3},"fnNames":{}}}
,"C:\\Users\\PC\\Calculator-with-Currency-Converter-and-The-Weather-VUE\\src\\utils\\skyIcons.js": {"path":"C:\\Users\\PC\\Calculator-with-Currency-Converter-and-The-Weather-VUE\\src\\utils\\skyIcons.js","statementMap":{"0":{"start":{"line":4,"column":18},"end":{"line":39,"column":1}},"1":{"start":{"line":41,"column":21},"end":{"line":41,"column":25}},"2":{"start":{"line":46,"column":2},"end":{"line":46,"column":46}}},"fnMap":{"0":{"name":"getSkyIcon","decl":{"start":{"line":45,"column":16},"end":{"line":45,"column":26}},"loc":{"start":{"line":45,"column":39},"end":{"line":47,"column":null}},"line":45}},"branchMap":{"0":{"loc":{"start":{"line":46,"column":9},"end":{"line":46,"column":46}},"type":"binary-expr","locations":[{"start":{"line":46,"column":9},"end":{"line":46,"column":30}},{"start":{"line":46,"column":34},"end":{"line":46,"column":46}}],"line":46}},"s":{"0":3,"1":3,"2":6},"f":{"0":6},"b":{"0":[6,1]},"meta":{"lastBranch":1,"lastFunction":1,"lastStatement":3,"seen":{"s:4:18:39:1":0,"s:41:21:41:25":1,"f:45:16:45:26":0,"s:46:2:46:46":2,"b:46:9:46:30:46:34:46:46":0},"fnNames":{}}}
}
